[2025-03-09 16:07:25] è·å–æˆ–å†™å…¥æ•°æ®å¤±è´¥: 'utf-8' codec can't decode byte 0xbf in position 2: invalid start byte
[2025-03-09 16:08:59] è·å–æˆ–å†™å…¥æ•°æ®å¤±è´¥: 'utf-8' codec can't decode byte 0xae in position 1: invalid start byte
[2025-03-09 16:13:23] æ“ä½œå¤±è´¥: 'utf-8' codec can't decode byte 0xbe in position 2: invalid start byte
[2025-03-09 16:16:41] æ“ä½œå¤±è´¥: 'utf-8' codec can't decode byte 0xbe in position 2: invalid start byte
[2025-03-09 16:19:02] ²Ù×÷Ê§°Ü: 'utf-8' codec can't decode byte 0xba in position 2: invalid start byte
[2025-03-09 16:24:59] æ“ä½œå¤±è´¥: status: 400, message: "{"errors":[{"code":398,"message":"We were unable to confirm you're human. Please try again. g;174150869691595451:-1741508697214:kJfjAtEEBvRVqY30mtkNr647:5"}]}"
[2025-03-09 16:26:48] æ“ä½œå¤±è´¥: æˆ‘ä»¬é˜»æ­¢äº†ä¸€æ¬¡è´¦å·è®¿é—®å°è¯•ï¼Œå› ä¸ºæˆ‘ä»¬ä¸ç¡®å®šæ˜¯å¦ä¸ºä½ æœ¬äººåœ¨æ“ä½œã€‚å½“æˆ‘ä»¬æ³¨æ„åˆ°å¼‚å¸¸çš„ç™»å½•æ´»åŠ¨ï¼Œæ¯”å¦‚åå¤å°è¯•ç™»å½•æˆ–ä»ä¸åŒä½ç½®æˆ–è®¾å¤‡ç™»å½•æ—¶ï¼Œæˆ‘ä»¬å°±ä¼šé‡‡å–é˜»æ­¢æªæ–½ã€‚ä½ å¾—ç­‰ä¸€ä¼šæ‰èƒ½å†æ¬¡å°è¯•ç™»å½•ã€‚æœ‰äº›é˜»æ­¢ä¼šè‡ªåŠ¨å–æ¶ˆã€‚è·å–æœ‰å…³ç™»å½•é—®é¢˜çš„å¸®åŠ©ã€‚
[2025-03-09 16:38:11] æ“ä½œå¤±è´¥: 'utf-8' codec can't decode byte 0xbd in position 2: invalid start byte
[2025-03-09 18:45:11] æ“ä½œå¤±è´¥: 'utf-8' codec can't decode byte 0xbf in position 2: invalid start byte
[2025-03-09 18:52:21] æ“ä½œå¤±è´¥: 'utf-8' codec can't decode byte 0xbd in position 2: invalid start byte
[2025-03-09 18:53:40] æ“ä½œå¤±è´¥: 'utf-8' codec can't decode byte 0x9f in position 1: invalid start byte
[2025-03-09 18:53:59] æ“ä½œå¤±è´¥: 'utf-8' codec can't decode byte 0xbe in position 2: invalid start byte
[2025-03-09 18:55:06] æ“ä½œå¤±è´¥: 'utf-8' codec can't decode byte 0xac in position 1: invalid start byte
[2025-03-09 18:55:42] æ“ä½œå¤±è´¥: 'utf-8' codec can't decode byte 0x96 in position 1: invalid start byte
[2025-03-09 18:57:05] æ“ä½œå¤±è´¥: 'utf-8' codec can't decode byte 0xbc in position 2: invalid start byte
[2025-03-09 18:57:40] æ“ä½œå¤±è´¥: 'Tweet' object has no attribute 'like_count'
[2025-03-09 18:59:10] æ“ä½œå¤±è´¥: 'Tweet' object has no attribute 'likes'
[2025-03-09 19:33:44] æ“ä½œå¤±è´¥: 'Tweet' object has no attribute 'like_count'
[2025-03-09 19:34:26] æ“ä½œå¤±è´¥: 'Tweet' object has no attribute 'like_count'
[2025-03-09 19:46:22] æ“ä½œå¤±è´¥: name 'existing_ids' is not defined
